<?xml version="1.0" encoding="UTF-8"?>
<!-- Generated by org.testng.reporters.JUnitReportReporter -->
<testsuite hostname="SyedShahed" failures="0" tests="1" name="driverFactory.AppTest" time="214.246" errors="0" timestamp="2025-03-31T13:34:26 AST" skipped="0">
  <testcase classname="driverFactory.AppTest" name="kickStart" time="214.246"/>
</testsuite> <!-- driverFactory.AppTest -->
